<?xml version="1.0" encoding="UTF-8"?>
<testng-results skipped="0" failed="0" total="1" passed="1">
  <reporter-output>
  </reporter-output>
  <suite name="Default suite" duration-ms="29600" started-at="2021-08-21T09:13:35Z" finished-at="2021-08-21T09:14:05Z">
    <groups>
    </groups>
    <test name="Default test" duration-ms="29600" started-at="2021-08-21T09:13:35Z" finished-at="2021-08-21T09:14:05Z">
      <class name="mobiletesting.LaunchApp">
        <test-method status="PASS" signature="openbrowser()[pri:0, instance:mobiletesting.LaunchApp@553f17c]" name="openbrowser" is-config="true" duration-ms="29527" started-at="2021-08-21T14:43:35Z" finished-at="2021-08-21T14:44:04Z">
          <reporter-output>
          </reporter-output>
        </test-method> <!-- openbrowser -->
        <test-method status="PASS" signature="lauchapp()[pri:0, instance:mobiletesting.LaunchApp@553f17c]" name="lauchapp" duration-ms="29" started-at="2021-08-21T14:44:04Z" finished-at="2021-08-21T14:44:05Z">
          <reporter-output>
          </reporter-output>
        </test-method> <!-- lauchapp -->
      </class> <!-- mobiletesting.LaunchApp -->
    </test> <!-- Default test -->
  </suite> <!-- Default suite -->
</testng-results>
